Log started: 12/21/2013 4:58:53 PM
Info: Powered by NeoAxis 3D Engine
Info: Operating System: Microsoft Windows 6.2.9200.0 (32-bit)
Info: Runtime Framework: Net 4.0.30319.18408
Info: NeoAxis 3D Engine version: 2.0
Info: Engine SDK: Free SDK
Info: Engine 32-bit version
Info: Application type: ResourceEditor
Info: Physics system is initialized (Driver: NVIDIA PhysX 3.2.1)
Info: OGRE: Added resource location 'F:\NeoAxis Engine Free SDK 2.0.5\Project\Bin\Data' of type 'VirtualFileSystem' to resource group 'General' with recursive option
Info: OGRE: Loading library RenderSystem_Direct3D9.dll
Info: OGRE: Installing plugin: D3D9 RenderSystem
Info: OGRE: D3D9 : Direct3D9 Rendering Subsystem created.
Info: OGRE: D3D9: Driver Detection Starts
Info: OGRE: D3D9: Driver: \\.\DISPLAY1; RADEON X850 Series 
Info: OGRE: D3D9: Driver Detection Ends
Info: OGRE: Plugin successfully installed
Info: OGRE: CPU Identifier & Features
Info: OGRE: -------------------------
Info: OGRE:  *   CPU ID: GenuineIntel: Intel(R) Pentium(R) 4 CPU 3.40GHz
Info: OGRE:  *      SSE: yes
Info: OGRE:  *     SSE2: yes
Info: OGRE:  *     SSE3: yes
Info: OGRE:  *      MMX: yes
Info: OGRE:  *   MMXEXT: yes
Info: OGRE:  *    3DNOW: no
Info: OGRE:  * 3DNOWEXT: no
Info: OGRE:  *     CMOV: yes
Info: OGRE:  *      TSC: yes
Info: OGRE:  *      FPU: yes
Info: OGRE:  *      PRO: yes
Info: OGRE:  *       HT: yes
Info: OGRE: -------------------------
Info: OGRE: D3D9 : Subsystem Initialising
Info: OGRE: Driver name: atiumdag.dll
Info: OGRE: Driver description: RADEON X850 Series
Info: OGRE: ***************************************
Info: OGRE: *** D3D9 : Subsystem Initialised OK ***
Info: OGRE: ***************************************
Info: OGRE: D3D9RenderSystem::_createRenderWindow "MainWindow", 640x480 windowed  miscParams: colourDepth=32 externalWindowHandle=2360776 vsync=true 
Info: OGRE: D3D9 : Created D3D9 Rendering Window 'MainWindow' : 10x10, 32bpp
Info: OGRE: Registering ResourceManager for type Texture
Info: OGRE: Registering ResourceManager for type GpuProgram
Info: OGRE: RenderSystem capabilities
Info: OGRE: -------------------------
Info: OGRE: RenderSystem Name: Direct3D9 Rendering Subsystem
Info: OGRE: GPU Vendor: ati
Info: OGRE: Device Name: RADEON X850 Series
Info: OGRE: Driver Version: 8.14.10.647
Info: OGRE:  * Fixed function pipeline: yes
Info: OGRE:  * Hardware generation of mipmaps: yes
Info: OGRE:  * Texture blending: yes
Info: OGRE:  * Anisotropic texture filtering: yes
Info: OGRE:  * Dot product texture operation: yes
Info: OGRE:  * Cube mapping: yes
Info: OGRE:  * Hardware stencil buffer: yes
Info: OGRE:    - Stencil depth: 8
Info: OGRE:    - Two sided stencil support: yes
Info: OGRE:    - Wrap stencil values: yes
Info: OGRE:  * Hardware vertex / index buffers: yes
Info: OGRE:  * Vertex programs: yes
Info: OGRE:  * Number of floating-point constants for vertex programs: 256
Info: OGRE:  * Number of integer constants for vertex programs: 16
Info: OGRE:  * Number of boolean constants for vertex programs: 16
Info: OGRE:  * Fragment programs: yes
Info: OGRE:  * Number of floating-point constants for fragment programs: 32
Info: OGRE:  * Number of integer constants for fragment programs: 16
Info: OGRE:  * Number of boolean constants for fragment programs: 16
Info: OGRE:  * Geometry programs: no
Info: OGRE:  * Number of floating-point constants for geometry programs: 0
Info: OGRE:  * Number of integer constants for geometry programs: 0
Info: OGRE:  * Number of boolean constants for geometry programs: 0
Info: OGRE:  * Supported Shader Profiles: hlsl ps_1_1 ps_1_2 ps_1_3 ps_1_4 ps_2_0 ps_2_b ps_2_x vs_1_1 vs_2_0
Info: OGRE:  * Texture Compression: yes
Info: OGRE:    - DXT: yes
Info: OGRE:    - VTC: no
Info: OGRE:    - PVRTC: no
Info: OGRE:    - 3Dc: yes
Info: OGRE:  * Scissor Rectangle: yes
Info: OGRE:  * Hardware Occlusion Query: yes
Info: OGRE:  * User clip planes: yes
Info: OGRE:  * VET_UBYTE4 vertex element type: yes
Info: OGRE:  * Infinite far plane projection: yes
Info: OGRE:  * Hardware render-to-texture: yes
Info: OGRE:  * Floating point textures: yes
Info: OGRE:  * Non-power-of-two textures: yes (limited)
Info: OGRE:  * Volume textures: yes
Info: OGRE:  * Multiple Render Targets: 4
Info: OGRE:    - With different bit depths: no
Info: OGRE:  * Point Sprites: yes
Info: OGRE:  * Extended point parameters: yes
Info: OGRE:  * Max Point Size: 256
Info: OGRE:  * Vertex texture fetch: no
Info: OGRE:  * Number of world matrices: 0
Info: OGRE:  * Number of texture units: 8
Info: OGRE:  * Stencil buffer depth: 8
Info: OGRE:  * Number of vertex blend matrices: 0
Info: OGRE:  * Render to Vertex Buffer: no
Info: OGRE:  * Alpha to coverage: no
Info: OGRE:  * Fetch4: no
Info: OGRE:  * Hardware Instancing: yes
Info: OGRE:  * Depth Buffer As Texture (INTZ): no
Info: OGRE:  * DirectX per stage constants: no
Info: OGRE:  * Max texture size: 2048
Info: OGRE: DefaultWorkQueue('Root') initialising on thread main.
Info: OGRE: Particle Renderer Type 'billboard' registered
Info: Renderer: GPU description: RADEON X850 Series
Info: Renderer: GPU codename: Radeon_R400
Info: Renderer: Shader Model 3.0: no
Info: 2D texture render target pixel formats: R5G6B5 A4R4G4B4 A1R5G5B5 A8R8G8B8 A2R10G10B10 A2B10G10R10 Float16RGBA Float32RGBA X8R8G8B8 ShortRGBA Float16R Float32R ShortGR Float16GR Float32GR
Info: OGRE: Parsing scripts for resource group General
Info: OGRE: Parsing script Base\Shaders\AmbientOneTexture.program
Info: OGRE: Parsing script Base\Shaders\StdQuad_vp.program
Info: OGRE: Parsing script Base\FullScreenEffects\_ShowDepth\ShowDepth.material
Info: OGRE: Parsing script Base\FullScreenEffects\Blur\Blur.material
Info: OGRE: Parsing script Base\FullScreenEffects\ColorCorrection\ColorCorrection.material
Info: OGRE: Parsing script Base\FullScreenEffects\DepthOfField\DepthOfField_AutoFocusBegin.material
Info: OGRE: Parsing script Base\FullScreenEffects\DepthOfField\DepthOfField_AutoFocusCurrent.material
Info: OGRE: Parsing script Base\FullScreenEffects\DepthOfField\DepthOfField_AutoFocusFinal.material
Info: OGRE: Parsing script Base\FullScreenEffects\DepthOfField\DepthOfField_AutoFocusIteration.material
Info: OGRE: Parsing script Base\FullScreenEffects\DepthOfField\DepthOfField_Blur.material
Info: OGRE: Parsing script Base\FullScreenEffects\DepthOfField\DepthOfField_Downscale.material
Info: OGRE: Parsing script Base\FullScreenEffects\DepthOfField\DepthOfField_Final.material
Info: OGRE: Parsing script Base\FullScreenEffects\FXAA\FXAA_Final.material
Info: OGRE: Parsing script Base\FullScreenEffects\FXAA\FXAA_Luma.material
Info: OGRE: Parsing script Base\FullScreenEffects\Glass\Glass.material
Info: OGRE: Parsing script Base\FullScreenEffects\Grayscale\Grayscale.material
Info: OGRE: Parsing script Base\FullScreenEffects\HDR\hdr_Bloom.material
Info: OGRE: Parsing script Base\FullScreenEffects\HDR\hdr_BrightPass.material
Info: OGRE: Parsing script Base\FullScreenEffects\HDR\hdr_CalculateAdaptedLuminance.material
Info: OGRE: Parsing script Base\FullScreenEffects\HDR\hdr_CopyLastAdaptedLuminance.material
Info: OGRE: Parsing script Base\FullScreenEffects\HDR\hdr_FinalToneMapping.material
Info: OGRE: Parsing script Base\FullScreenEffects\HDR\hdr_GaussianBlur5x5.material
Info: OGRE: Parsing script Base\FullScreenEffects\HDR\hdr_SampleLuminanceFinal.material
Info: OGRE: Parsing script Base\FullScreenEffects\HDR\hdr_SampleLuminanceInitial.material
Info: OGRE: Parsing script Base\FullScreenEffects\HDR\hdr_SampleLuminanceIterative.material
Info: OGRE: Parsing script Base\FullScreenEffects\HeatVision\HaatVision_LightToHeat.material
Info: OGRE: Parsing script Base\FullScreenEffects\HeatVision\HeatVision_Blur.material
Info: OGRE: Parsing script Base\FullScreenEffects\Invert\Invert.material
Info: OGRE: Parsing script Base\FullScreenEffects\LDRBloom\LDRBloom_Bloom.material
Info: OGRE: Parsing script Base\FullScreenEffects\LDRBloom\LDRBloom_BrightPass.material
Info: OGRE: Parsing script Base\FullScreenEffects\LDRBloom\LDRBloom_Final.material
Info: OGRE: Parsing script Base\FullScreenEffects\LDRBloom\LDRBloom_GaussianBlur5x5.material
Info: OGRE: Parsing script Base\FullScreenEffects\LightScattering\LightScattering_Blur.material
Info: OGRE: Parsing script Base\FullScreenEffects\LightScattering\LightScattering_Final.material
Info: OGRE: Parsing script Base\FullScreenEffects\LightScattering\LightScattering_Scattering.material
Info: OGRE: Parsing script Base\FullScreenEffects\MotionBlur\MotionBlur_Combine.material
Info: OGRE: Parsing script Base\FullScreenEffects\MotionBlur\MotionBlur_Copyback.material
Info: OGRE: Parsing script Base\FullScreenEffects\MotionBlur\MotionBlur_Display.material
Info: OGRE: Parsing script Base\FullScreenEffects\OldTV\OldTV.material
Info: OGRE: Parsing script Base\FullScreenEffects\RadialBlur\RadialBlur.material
Info: OGRE: Parsing script Base\FullScreenEffects\SSAO\SSAO_Blur.material
Info: OGRE: Parsing script Base\FullScreenEffects\SSAO\SSAO_Copy.material
Info: OGRE: Parsing script Base\FullScreenEffects\SSAO\SSAO_DepthDownsample1x1.material
Info: OGRE: Parsing script Base\FullScreenEffects\SSAO\SSAO_DepthDownsample2x2.material
Info: OGRE: Parsing script Base\FullScreenEffects\SSAO\SSAO_DepthDownsample3x3.material
Info: OGRE: Parsing script Base\FullScreenEffects\SSAO\SSAO_Final.material
Info: OGRE: Parsing script Base\FullScreenEffects\SSAO\SSAO_Occlusion.material
Info: OGRE: Parsing script Base\FullScreenEffects\Tiling\Tiling.material
Info: OGRE: Parsing script Base\FullScreenEffects\Vignetting\Vignetting.material
Info: OGRE: Parsing script Base\FullScreenEffects\_ShowDepth\ShowDepth.compositor
Info: OGRE: Parsing script Base\FullScreenEffects\Blur\Blur.compositor
Info: OGRE: Parsing script Base\FullScreenEffects\ColorCorrection\ColorCorrection.compositor
Info: OGRE: Parsing script Base\FullScreenEffects\DepthOfField\DepthOfField.compositor
Info: OGRE: Parsing script Base\FullScreenEffects\FXAA\FXAA.compositor
Info: OGRE: Parsing script Base\FullScreenEffects\Glass\Glass.compositor
Info: OGRE: Parsing script Base\FullScreenEffects\Grayscale\Grayscale.compositor
Info: OGRE: Parsing script Base\FullScreenEffects\HDR\hdr.compositor
Info: OGRE: Parsing script Base\FullScreenEffects\HeatVision\HeatVision.compositor
Info: OGRE: Parsing script Base\FullScreenEffects\Invert\Invert.compositor
Info: OGRE: Parsing script Base\FullScreenEffects\LDRBloom\LDRBloom.compositor
Info: OGRE: Parsing script Base\FullScreenEffects\LightScattering\LightScattering.compositor
Info: OGRE: Parsing script Base\FullScreenEffects\MotionBlur\MotionBlur.compositor
Info: OGRE: Parsing script Base\FullScreenEffects\OldTV\OldTV.compositor
Info: OGRE: Parsing script Base\FullScreenEffects\RadialBlur\RadialBlur.compositor
Info: OGRE: Parsing script Base\FullScreenEffects\SSAO\SSAO.compositor
Info: OGRE: Parsing script Base\FullScreenEffects\Tiling\Tiling.compositor
Info: OGRE: Parsing script Base\FullScreenEffects\Vignetting\Vignetting.compositor
Info: OGRE: Parsing script Effects\ExplosionParticle\ExplosionParticle.particle
Info: OGRE: Parsing script Effects\ExplosionParticle\ExplosionParticle2.particle
Info: OGRE: Parsing script Effects\FireParticle\BigFireParticle.particle
Info: OGRE: Parsing script Effects\FireParticle\FireParticle.particle
Info: OGRE: Parsing script Effects\GreenyNimbusParticle\GreenyNimbusParticle.particle
Info: OGRE: Parsing script Effects\ItemParticle\ItemParticle.particle
Info: OGRE: Parsing script Effects\SmokeParticle\SmallSmokeParticle.particle
Info: OGRE: Parsing script Effects\SmokeParticle\SmallSmokeParticle2.particle
Info: OGRE: Parsing script Effects\SmokeParticle\SmokeParticle.particle
Info: OGRE: Parsing script Maps\BallGame\Types\Fan\FanParticle\FanParticle.particle
Info: OGRE: Parsing script Maps\RTSDemo\Effects\ExplosionParticle\ExplosionParticle.particle
Info: OGRE: Parsing script Maps\RTSDemo\Effects\ExplosionParticle\ExplosionParticle2.particle
Info: OGRE: Parsing script Maps\RTSDemo\Effects\FireParticle\RTSBigFireParticle.particle
Info: OGRE: Parsing script Maps\RTSDemo\Effects\FireParticle\RTSFireParticle.particle
Info: OGRE: Parsing script Maps\RTSDemo\Effects\GeneralBulletHitParticle\RTSGeneralBulletHit.particle
Info: OGRE: Parsing script Maps\RTSDemo\Effects\ItemParticle\RTSItemParticle.particle
Info: OGRE: Parsing script Maps\RTSDemo\Effects\SmokeParticle\RTSSmallSmokeParticle.particle
Info: OGRE: Parsing script Maps\RTSDemo\Effects\SmokeParticle\RTSSmallSmokeParticle2.particle
Info: OGRE: Parsing script Maps\RTSDemo\Effects\SmokeParticle\RTSSmokeParticle.particle
Info: OGRE: Parsing script Maps\RTSDemo\Types\Bullets\FireworkBullet\RTSFireworkBulletHit.particle
Info: OGRE: Parsing script Maps\RTSDemo\Types\Static\RTSGeyser\RTSGeyserParticle.particle
Info: OGRE: Parsing script Maps\RTSDemo\Types\Units\RTSConstructor\RTSConstructorBullet\RTSConstructorBulletHit.particle
Info: OGRE: Parsing script Maps\RTSDemo\Types\Units\RTSConstructor\RTSConstructorBullet\RTSConstructorBulletHit2.particle
Info: OGRE: Parsing script Maps\RTSDemo\Types\Units\RTSRobot\RTSRobotBullet\RTSRobotBulletHit.particle
Info: OGRE: Parsing script Maps\RTSDemo\Types\Units\RTSRobot\RTSRobotBullet\RTSRobotBulletHit2.particle
Info: OGRE: Parsing script Maps\VillageDemo\River\Splash\VillageSplashDown.particle
Info: OGRE: Parsing script Maps\VillageDemo\River\Splash\VillageWaterParticle.particle
Info: OGRE: Parsing script Maps\VillageDemo\River\Splash\VillageWaterParticle2.particle
Info: OGRE: Parsing script Maps\VillageDemo\River\Splash\VillageWaterParticle2_1.particle
Info: OGRE: Parsing script Maps\VillageDemo\River\Splash\VillageWaterParticle3.particle
Info: OGRE: Parsing script Maps\VillageDemo\River\Splash\VillageWaterParticleBig.particle
Info: OGRE: Parsing script Types\Bullets\ShotgunBullet\ShotgunBullet.particle
Info: OGRE: Parsing script Types\Bullets\ShotgunBullet\ShotgunBulletHit.particle
Info: OGRE: Parsing script Types\Bullets\ShotgunBullet\ShotgunBulletHit2.particle
Info: OGRE: Parsing script Types\Bullets\SubmachineGunBullet\SubmachineGunBulletHit.particle
Info: OGRE: Parsing script Types\Bullets\SubmachineGunBullet\SubmachineGunBulletHit2.particle
Info: OGRE: Parsing script Types\Bullets\SubmachineGunGrenade\SubmachineGunGrenadeParticle.particle
Info: OGRE: Parsing script Types\Dynamic\DestructibleHouse\DestructibleHouseFileParticle.particle
Info: OGRE: Parsing script Types\Dynamic\Fan\FanParticle\DemoFanParticle.particle
Info: OGRE: Parsing script Types\Dynamic\Firework\FireworkBullet\FireworkBulletHit.particle
Info: OGRE: Parsing script Types\Dynamic\GasFlamePipe\GasFlamePipeParticle\GasFlamePipe.particle
Info: OGRE: Parsing script Types\Dynamic\Pipe\PipeLeak\PipeLeakFlameParticle\PipeLeakFlame.particle
Info: OGRE: Parsing script Types\Dynamic\Pipe\PipeLeak\PipeLeakSteamParticle\PipeLeakSteam.particle
Info: OGRE: Parsing script Types\Dynamic\Teleporter\TeleportParticle\DemoTeleporterReceive.particle
Info: OGRE: Parsing script Types\Dynamic\Teleporter\TeleportParticle\DemoTeleporterSend.particle
Info: OGRE: Parsing script Types\Special\WaterPlane\WaterSplash\WaterSplash.particle
Info: OGRE: Parsing script Types\Special\WaterPlane\WaterSplashWave\WaterSplashWave.particle
Info: OGRE: Parsing script Types\Units\Robot\RobotBullet\RobotBulletHit.particle
Info: OGRE: Parsing script Types\Units\Robot\RobotBullet\RobotBulletHit2.particle
Info: OGRE: Parsing script Types\Units\Turret\TurretBullet\TurretBulletHit.particle
Info: OGRE: Parsing script Types\Units\Turret\TurretBullet\TurretBulletHit2.particle
Info: OGRE: Parsing script Types\Units\Zombie\ZombieBullet\ZombieBulletHit.particle
Info: OGRE: Finished parsing scripts for resource group General
Info: OGRE: Parsing scripts for resource group Internal
Info: OGRE: Finished parsing scripts for resource group Internal
Info: OGRE: WARNING: material Compositor/ShowDepth has no supportable Techniques and will be blank. Explanation: 
Pass 0: Vertex program Compositor/StdQuad_vp cannot be used - not supported.

Info: OGRE: WARNING: material Compositor/ShowDepth has no supportable Techniques and will be blank. Explanation: 
Pass 0: Vertex program Compositor/StdQuad_vp cannot be used - not supported.

Info: OGRE: WARNING: material Compositor/Blur has no supportable Techniques and will be blank. Explanation: 
Pass 0: Vertex program Compositor/StdQuad_vp cannot be used - not supported.

Info: OGRE: WARNING: material Compositor/Blur has no supportable Techniques and will be blank. Explanation: 
Pass 0: Vertex program Compositor/StdQuad_vp cannot be used - not supported.

Info: OGRE: WARNING: material Compositor/ColorCorrection has no supportable Techniques and will be blank. Explanation: 
Pass 0: Vertex program Compositor/StdQuad_vp cannot be used - not supported.

Info: OGRE: WARNING: material Compositor/ColorCorrection has no supportable Techniques and will be blank. Explanation: 
Pass 0: Vertex program Compositor/StdQuad_vp cannot be used - not supported.

Info: OGRE: WARNING: material Compositor/DepthOfField/Final has no supportable Techniques and will be blank. Explanation: 
Pass 0: Vertex program Compositor/StdQuad_vp cannot be used - not supported.

Info: OGRE: WARNING: material Compositor/DepthOfField/Final has no supportable Techniques and will be blank. Explanation: 
Pass 0: Vertex program Compositor/StdQuad_vp cannot be used - not supported.

Info: OGRE: WARNING: material Compositor/FXAA_Final has no supportable Techniques and will be blank. Explanation: 
Pass 0: Vertex program Compositor/StdQuad_vp cannot be used - not supported.

Info: OGRE: WARNING: material Compositor/FXAA_Final has no supportable Techniques and will be blank. Explanation: 
Pass 0: Vertex program Compositor/StdQuad_vp cannot be used - not supported.

Info: OGRE: WARNING: material Compositor/Glass has no supportable Techniques and will be blank. Explanation: 
Pass 0: Vertex program Compositor/StdQuad_vp cannot be used - not supported.

Info: OGRE: WARNING: material Compositor/Glass has no supportable Techniques and will be blank. Explanation: 
Pass 0: Vertex program Compositor/StdQuad_vp cannot be used - not supported.

Info: OGRE: WARNING: material Compositor/Grayscale has no supportable Techniques and will be blank. Explanation: 
Pass 0: Vertex program Compositor/StdQuad_vp cannot be used - not supported.

Info: OGRE: WARNING: material Compositor/Grayscale has no supportable Techniques and will be blank. Explanation: 
Pass 0: Vertex program Compositor/StdQuad_vp cannot be used - not supported.

Info: OGRE: WARNING: material Compositor/HDR/FinalToneMapping has no supportable Techniques and will be blank. Explanation: 
Pass 0: Vertex program Compositor/StdQuad_vp cannot be used - not supported.

Info: OGRE: WARNING: material Compositor/HDR/FinalToneMapping has no supportable Techniques and will be blank. Explanation: 
Pass 0: Vertex program Compositor/StdQuad_vp cannot be used - not supported.

Info: OGRE: WARNING: material Compositor/HeatVision/Blur has no supportable Techniques and will be blank. Explanation: 
Pass 0: Vertex program Compositor/StdQuad_vp cannot be used - not supported.

Info: OGRE: WARNING: material Compositor/HeatVision/Blur has no supportable Techniques and will be blank. Explanation: 
Pass 0: Vertex program Compositor/StdQuad_vp cannot be used - not supported.

Info: OGRE: WARNING: material Compositor/Invert has no supportable Techniques and will be blank. Explanation: 
Pass 0: Vertex program Compositor/StdQuad_vp cannot be used - not supported.

Info: OGRE: WARNING: material Compositor/Invert has no supportable Techniques and will be blank. Explanation: 
Pass 0: Vertex program Compositor/StdQuad_vp cannot be used - not supported.

Info: OGRE: WARNING: material Compositor/LDRBloom/Final has no supportable Techniques and will be blank. Explanation: 
Pass 0: Vertex program Compositor/StdQuad_vp cannot be used - not supported.

Info: OGRE: WARNING: material Compositor/LDRBloom/Final has no supportable Techniques and will be blank. Explanation: 
Pass 0: Vertex program Compositor/StdQuad_vp cannot be used - not supported.

Info: OGRE: WARNING: material Compositor/LightScattering/Final has no supportable Techniques and will be blank. Explanation: 
Pass 0: Vertex program Compositor/StdQuad_vp cannot be used - not supported.

Info: OGRE: WARNING: material Compositor/LightScattering/Final has no supportable Techniques and will be blank. Explanation: 
Pass 0: Vertex program Compositor/StdQuad_vp cannot be used - not supported.

Info: OGRE: WARNING: material Compositor/MotionBlur/Display has no supportable Techniques and will be blank. Explanation: 
Pass 0: Vertex program Compositor/StdQuad_vp cannot be used - not supported.

Info: OGRE: WARNING: material Compositor/MotionBlur/Display has no supportable Techniques and will be blank. Explanation: 
Pass 0: Vertex program Compositor/StdQuad_vp cannot be used - not supported.

Info: OGRE: WARNING: material Compositor/OldTV has no supportable Techniques and will be blank. Explanation: 
Pass 0: Vertex program Compositor/StdQuad_Tex2a_vp cannot be used - not supported.

Info: OGRE: WARNING: material Compositor/OldTV has no supportable Techniques and will be blank. Explanation: 
Pass 0: Vertex program Compositor/StdQuad_Tex2a_vp cannot be used - not supported.

Info: OGRE: WARNING: material Compositor/RadialBlur has no supportable Techniques and will be blank. Explanation: 
Pass 0: Vertex program Compositor/StdQuad_vp cannot be used - not supported.

Info: OGRE: WARNING: material Compositor/RadialBlur has no supportable Techniques and will be blank. Explanation: 
Pass 0: Vertex program Compositor/StdQuad_vp cannot be used - not supported.

Info: OGRE: WARNING: material Compositor/SSAO/Copy has no supportable Techniques and will be blank. Explanation: 
Pass 0: Vertex program Compositor/StdQuad_vp cannot be used - not supported.

Info: OGRE: WARNING: material Compositor/SSAO/Copy has no supportable Techniques and will be blank. Explanation: 
Pass 0: Vertex program Compositor/StdQuad_vp cannot be used - not supported.

Info: OGRE: WARNING: material Compositor/Tiling has no supportable Techniques and will be blank. Explanation: 
Pass 0: Vertex program Compositor/StdQuad_Tex2a_vp cannot be used - not supported.

Info: OGRE: WARNING: material Compositor/Tiling has no supportable Techniques and will be blank. Explanation: 
Pass 0: Vertex program Compositor/StdQuad_Tex2a_vp cannot be used - not supported.

Info: OGRE: WARNING: material Compositor/Vignetting has no supportable Techniques and will be blank. Explanation: 
Pass 0: Vertex program Compositor/StdQuad_vp cannot be used - not supported.

Info: OGRE: WARNING: material Compositor/Vignetting has no supportable Techniques and will be blank. Explanation: 
Pass 0: Vertex program Compositor/StdQuad_vp cannot be used - not supported.

Info: Initializing high level material: _ResourceEditorSamples\Importing3DModel\Animated\PigA_RenameTest.highMaterial
Info: Initializing high level material: _ResourceEditorSamples\Importing3DModel\FBX_Importing\FBX_Importing_Teapot_Material #25.highMaterial
Info: Initializing high level material: _ResourceEditorSamples\Importing3DModel\Stone\ColladaTestStoneStatic.highMaterial
Info: Initializing high level material: _ResourceEditorSamples\ScrollingTexture\ScrollingTextureTest.highMaterial
Info: Initializing high level material: Base\Simple Materials\Black.highMaterial
Info: Initializing high level material: Base\Simple Materials\Blue.highMaterial
Info: Initializing high level material: Base\Simple Materials\DarkBlue.highMaterial
Info: Initializing high level material: Base\Simple Materials\DarkGray.highMaterial
Info: Initializing high level material: Base\Simple Materials\DarkGreen.highMaterial
Info: Initializing high level material: Base\Simple Materials\DarkRed.highMaterial
Info: Initializing high level material: Base\Simple Materials\DarkYellow.highMaterial
Info: Initializing high level material: Base\Simple Materials\Gray.highMaterial
Info: Initializing high level material: Base\Simple Materials\Green.highMaterial
Info: Initializing high level material: Base\Simple Materials\Red.highMaterial
Info: Initializing high level material: Base\Simple Materials\White.highMaterial
Info: Initializing high level material: Base\Simple Materials\Yellow.highMaterial
Info: Initializing high level material: Base\Tools\ModelImportEditor\ModelImportEditor_SourceAdded.highMaterial
Info: Initializing high level material: Base\Tools\ModelImportEditor\ModelImportEditor_SourceFree.highMaterial
Info: Initializing high level material: Base\Tools\ResourceEditorGrid\ResourceEditorGrid_1.highMaterial
Info: Initializing high level material: Base\Tools\ResourceEditorGrid\ResourceEditorGrid_2.highMaterial
Info: Initializing high level material: Base\Tools\ToolsSelectObjectMaterials\ToolsSelectObject_Green.highMaterial
Info: Initializing high level material: Base\Tools\ToolsSelectObjectMaterials\ToolsSelectObject_Green_FFP.highMaterial
Info: Initializing high level material: Base\Tools\ToolsSelectObjectMaterials\ToolsSelectObject_Yellow.highMaterial
Info: Initializing high level material: Base\Tools\ToolsSelectObjectMaterials\ToolsSelectObject_Yellow_FFP.highMaterial
Info: Initializing high level material: Base\Types\Light\Base_LightFlare.highMaterial
Info: Initializing high level material: Base\Types\Sun\Base_SunFlare.highMaterial
Info: Initializing high level material: Effects\DefaultFlare\DefaultFlare.highMaterial
Info: Initializing high level material: Effects\ExplosionParticle\ExplosionParticle.highMaterial
Info: Initializing high level material: Effects\ExplosionParticle\ExplosionParticle2.highMaterial
Info: Initializing high level material: Effects\FireParticle\FireParticle.highMaterial
Info: Initializing high level material: Effects\ItemParticle\ItemParticle.highMaterial
Info: Initializing high level material: Effects\SmokeParticle\SmokeParticle.highMaterial
Info: Initializing high level material: Maps\BallGame\Types\Ball\BallGame_Ball.highMaterial
Info: Initializing high level material: Maps\BallGame\Types\Fan\BallDemo_Fan.highMaterial
Info: Initializing high level material: Maps\BallGame\Types\Fan\FanParticle\BallDemo_FanParticle.highMaterial
Info: Initializing high level material: Maps\CarDemo\Mat\CD_Alum.highMaterial
Info: Initializing high level material: Maps\CarDemo\Mat\CD_Asp.highMaterial
Info: Initializing high level material: Maps\CarDemo\Mat\CD_Blue.highMaterial
Info: Initializing high level material: Maps\CarDemo\Mat\CD_Board.highMaterial
Info: Initializing high level material: Maps\CarDemo\Mat\CD_Chair.highMaterial
Info: Initializing high level material: Maps\CarDemo\Mat\CD_Concrete.highMaterial
Info: Initializing high level material: Maps\CarDemo\Mat\CD_Concrete2.highMaterial
Info: Initializing high level material: Maps\CarDemo\Mat\CD_Fence.highMaterial
Info: Initializing high level material: Maps\CarDemo\Mat\CD_Finish.highMaterial
Info: Initializing high level material: Maps\CarDemo\Mat\CD_Flag.highMaterial
Info: Initializing high level material: Maps\CarDemo\Mat\CD_Glass.highMaterial
Info: Initializing high level material: Maps\CarDemo\Mat\CD_Grass.highMaterial
Info: Initializing high level material: Maps\CarDemo\Mat\CD_Gravel.highMaterial
Info: Initializing high level material: Maps\CarDemo\Mat\CD_Green_Light.highMaterial
Info: Initializing high level material: Maps\CarDemo\Mat\CD_Ice.highMaterial
Info: Initializing high level material: Maps\CarDemo\Mat\CD_Line.highMaterial
Info: Initializing high level material: Maps\CarDemo\Mat\CD_Line2.highMaterial
Info: Initializing high level material: Maps\CarDemo\Mat\CD_Line3.highMaterial
Info: Initializing high level material: Maps\CarDemo\Mat\CD_Logo_Engine.highMaterial
Info: Initializing high level material: Maps\CarDemo\Mat\CD_Logo_Engine1.highMaterial
Info: Initializing high level material: Maps\CarDemo\Mat\CD_Logo_Engine2.highMaterial
Info: Initializing high level material: Maps\CarDemo\Mat\CD_Logo_Engine3.highMaterial
Info: Initializing high level material: Maps\CarDemo\Mat\CD_Metal.highMaterial
Info: Initializing high level material: Maps\CarDemo\Mat\CD_Red_Light.highMaterial
Info: Initializing high level material: Maps\CarDemo\Mat\CD_Siding.highMaterial
Info: Initializing high level material: Maps\CarDemo\Mat\CD_Siding1.highMaterial
Info: Initializing high level material: Maps\CarDemo\Mat\CD_Start.highMaterial
Info: Initializing high level material: Maps\CarDemo\Mat\CD_Tile.highMaterial
Info: Initializing high level material: Maps\CarDemo\Mat\CD_Tree.highMaterial
Info: Initializing high level material: Maps\CarDemo\Mat\CD_Tree_Bilbord.highMaterial
Info: Initializing high level material: Maps\CarDemo\Mat\CD_Tree2.highMaterial
Info: Initializing high level material: Maps\CarDemo\Model\Tribune\CD_Tribune.highMaterial
Info: Initializing high level material: Maps\CarDemo\Model\Tribune\CD_Tribune2.highMaterial
Info: Initializing high level material: Maps\CarDemo\Types\Grass_Decorative\CD_Grass_Dec.highMaterial
Info: Initializing high level material: Maps\CatapultGame\Types\SimpleBox\CatapultGame_SimpleBox.highMaterial
Info: Initializing high level material: Maps\JigsawPuzzleGame\JigsawPuzzleImage.highMaterial
Info: Initializing high level material: Maps\JigsawPuzzleGame\JigsawPuzzleImageBackground.highMaterial
Info: Initializing high level material: Maps\RTSDemo\Effects\DefaultFlare\RTSDefaultFlare.highMaterial
Info: Initializing high level material: Maps\RTSDemo\Effects\ExplosionParticle\RTSExplosionParticle.highMaterial
Info: Initializing high level material: Maps\RTSDemo\Effects\ExplosionParticle\RTSExplosionParticle2.highMaterial
Info: Initializing high level material: Maps\RTSDemo\Effects\FireParticle\RTSFireParticle.highMaterial
Info: Initializing high level material: Maps\RTSDemo\Effects\GeneralBulletHitParticle\RTSGeneralBulletHitParticle.highMaterial
Info: Initializing high level material: Maps\RTSDemo\Effects\ItemParticle\RTSItemParticle.highMaterial
Info: Initializing high level material: Maps\RTSDemo\Effects\SmokeParticle\RTSSmokeParticle.highMaterial
Info: Initializing high level material: Maps\RTSDemo\Models\Beam\RTSBeam.highMaterial
Info: Initializing high level material: Maps\RTSDemo\Models\ConcreteBlock\RTSConcreteBlock.highMaterial
Info: Initializing high level material: Maps\RTSDemo\Models\RockBig\RTSRockBig.highMaterial
Info: Initializing high level material: Maps\RTSDemo\Types\Bullets\FireworkBullet\RTSFireworkBulletRibbonTrail.highMaterial
Info: Initializing high level material: Maps\RTSDemo\Types\Special\RTSBuildMaterial\RTSBuildMaterial.highMaterial
Info: Initializing high level material: Maps\RTSDemo\Types\Static\RTSPipe\RTSPipe.highMaterial
Info: Initializing high level material: Maps\RTSDemo\Types\Units\RTSConstructor\RTSConstructorBullet\RTSConstructorBulletHit.highMaterial
Info: Initializing high level material: Maps\RTSDemo\Types\Units\RTSConstructor\RTSConstructorBullet\RTSConstructorBulletHit2.highMaterial
Info: Initializing high level material: Maps\RTSDemo\Types\Units\RTSFactory\RTSFactory.highMaterial
Info: Initializing high level material: Maps\RTSDemo\Types\Units\RTSFactory\RTSFactory2.highMaterial
Info: Initializing high level material: Maps\RTSDemo\Types\Units\RTSFactory\RTSFactoryGlass.highMaterial
Info: Initializing high level material: Maps\RTSDemo\Types\Units\RTSHeadquaters\RTSHeadquaters.highMaterial
Info: Initializing high level material: Maps\RTSDemo\Types\Units\RTSHeadquaters\RTSHeadquaters2.highMaterial
Info: Initializing high level material: Maps\RTSDemo\Types\Units\RTSMine\RTSMine.highMaterial
Info: Initializing high level material: Maps\RTSDemo\Types\Units\RTSMine\RTSMine2.highMaterial
Info: Initializing high level material: Maps\RTSDemo\Types\Units\RTSRobot\RTSRobot.highMaterial
Info: Initializing high level material: Maps\RTSDemo\Types\Units\RTSRobot\RTSRobotBullet\RTSRobotBulletHit.highMaterial
Info: Initializing high level material: Maps\RTSDemo\Types\Units\RTSRobot\RTSRobotBullet\RTSRobotBulletHit2.highMaterial
Info: Initializing high level material: Maps\TankDemo\Resources\Meshes\FakeTrees\TankDemoFakeTrees.highMaterial
Info: Initializing high level material: Maps\TankDemo\Resources\Meshes\RockBig\TankDemoRockBig.highMaterial
Info: Initializing high level material: Maps\TankDemo\Resources\Meshes\Stone\TankDemoStone.highMaterial
Info: Initializing high level material: Maps\TankDemo\Resources\Meshes\Trees\TankDemoTree_Bark.highMaterial
Info: Initializing high level material: Maps\TankDemo\Resources\Meshes\Trees\TankDemoTree_Leafs.highMaterial
Info: Initializing high level material: Maps\TPSArcadeDemo\Resources\Models\TPSDemoRock.highMaterial
Info: Initializing high level material: Maps\TPSArcadeDemo\Resources\Models\TPSDemoRockStone.highMaterial
Info: Initializing high level material: Maps\TurretDemo\Resources\Models\Rock\TurretDemoRock.highMaterial
Info: Initializing high level material: Maps\TurretDemo\Resources\Models\Rock\TurretDemoRockStone.highMaterial
Info: Initializing high level material: Maps\TurretDemo\Resources\Models\Rock\TurretDemoRockStone2.highMaterial
Info: Initializing high level material: Maps\TurretDemo\Resources\Models\SandBags\TurretDemoSandBags.highMaterial
Info: Initializing high level material: Maps\VillageDemo\FarmModels\Materials\Farm000_MFVFloor.highMaterial
Info: Initializing high level material: Maps\VillageDemo\FarmModels\Materials\Farm000_MFVTextureA.highMaterial
Info: Initializing high level material: Maps\VillageDemo\FarmModels\Materials\Farm000_MFVTextureC.highMaterial
Info: Initializing high level material: Maps\VillageDemo\FarmModels\Materials\Farm000_MFVTextureE.highMaterial
Info: Initializing high level material: Maps\VillageDemo\FarmModels\Materials\Farm000_MFVThatchedBTransparent.highMaterial
Info: Initializing high level material: Maps\VillageDemo\FarmModels\Materials\Farm000_MFVWallA.highMaterial
Info: Initializing high level material: Maps\VillageDemo\FarmModels\Materials\Farm001_MFVPropsA.highMaterial
Info: Initializing high level material: Maps\VillageDemo\FarmModels\Materials\Farm002_MFVTextureA.highMaterial
Info: Initializing high level material: Maps\VillageDemo\FarmModels\Materials\Farm003_MFVFloor.highMaterial
Info: Initializing high level material: Maps\VillageDemo\FarmModels\Materials\Farm003_MFVTextureA.highMaterial
Info: Initializing high level material: Maps\VillageDemo\FarmModels\Materials\Farm003_MFVTextureC.highMaterial
Info: Initializing high level material: Maps\VillageDemo\FarmModels\Materials\Farm003_MFVTextureD.highMaterial
Info: Initializing high level material: Maps\VillageDemo\FarmModels\Materials\Farm003_MFVTextureE.highMaterial
Info: Initializing high level material: Maps\VillageDemo\FarmModels\Materials\Farm003_MFVThatchedBTransparent.highMaterial
Info: Initializing high level material: Maps\VillageDemo\FarmModels\Materials\Farm003_StrawTransparent.highMaterial
Info: Initializing high level material: Maps\VillageDemo\FarmModels\Materials\Farm004_MFVTextureA.highMaterial
Info: Initializing high level material: Maps\VillageDemo\FarmModels\Materials\Farm005_Fence.highMaterial
Info: Initializing high level material: Maps\VillageDemo\FarmModels\Materials\Farm006_Fence.highMaterial
Info: Initializing high level material: Maps\VillageDemo\FarmModels\Materials\Farm007_MFVTextureA.highMaterial
Info: Initializing high level material: Maps\VillageDemo\FarmModels\Materials\Farm007_MFVTextureC.highMaterial
Info: Initializing high level material: Maps\VillageDemo\FarmModels\Materials\Farm007_MFVTextureE.highMaterial
Info: Initializing high level material: Maps\VillageDemo\FarmModels\Materials\Farm007_MFVThatchedB.highMaterial
Info: Initializing high level material: Maps\VillageDemo\FarmModels\Materials\Farm007_MFVThatchedBTransparent.highMaterial
Info: Initializing high level material: Maps\VillageDemo\FarmModels\Materials\Farm008_StrawBale.highMaterial
Info: Initializing high level material: Maps\VillageDemo\FarmModels\Materials\Farm009_MFVPropsA.highMaterial
Info: Initializing high level material: Maps\VillageDemo\FarmModels\Materials\Farm010_MFVPropsA.highMaterial
Info: Initializing high level material: Maps\VillageDemo\FarmModels\Materials\Farm010_StrawNonTranspare.highMaterial
Info: Initializing high level material: Maps\VillageDemo\FarmModels\Materials\Farm011_MFVPropsA.highMaterial
Info: Initializing high level material: Maps\VillageDemo\FarmModels\Materials\Farm011_MFVTextureA.highMaterial
Info: Initializing high level material: Maps\VillageDemo\FarmModels\Materials\Farm012_MFVTextureA.highMaterial
Info: Initializing high level material: Maps\VillageDemo\FarmModels\Materials\Farm013_StrawTransparent.highMaterial
Info: Initializing high level material: Maps\VillageDemo\FarmModels\Materials\Farm014_MFVTextureA.highMaterial
Info: Initializing high level material: Maps\VillageDemo\FarmModels\Materials\Farm015_MFVPropsA.highMaterial
Info: Initializing high level material: Maps\VillageDemo\FarmModels\Materials\Farm016_MFVTextureA.highMaterial
Info: Initializing high level material: Maps\VillageDemo\FarmModels\Materials\Farm016_MFVTextureE.highMaterial
Info: Initializing high level material: Maps\VillageDemo\FarmModels\Materials\Farm016_MFVThatchedA.highMaterial
Info: Initializing high level material: Maps\VillageDemo\FarmModels\Materials\Farm017_MFVTextureA.highMaterial
Info: Initializing high level material: Maps\VillageDemo\FarmModels\Materials\Farm017_MFVTextureC.highMaterial
Info: Initializing high level material: Maps\VillageDemo\FarmModels\Materials\Farm017_Rope.highMaterial
Info: Initializing high level material: Maps\VillageDemo\FarmModels\Materials\Farm018_MFVPropsA.highMaterial
Info: Initializing high level material: Maps\VillageDemo\FarmModels\Materials\Farm018_MFVTextureA.highMaterial
Info: Initializing high level material: Maps\VillageDemo\FarmModels\Materials\Farm018_MFVThatchedB.highMaterial
Info: Initializing high level material: Maps\VillageDemo\FarmModels\Materials\Farm018_MFVThatchedBTransparent.highMaterial
Info: Initializing high level material: Maps\VillageDemo\FarmModels\Materials\Farm018_MFVWallA.highMaterial
Info: Initializing high level material: Maps\VillageDemo\FarmModels\Materials\Farm018_Rope.highMaterial
Info: Initializing high level material: Maps\VillageDemo\FarmModels\Materials\Farm019_MFVPropsA.highMaterial
Info: Initializing high level material: Maps\VillageDemo\FarmModels\Materials\Farm020_TreeLog.highMaterial
Info: Initializing high level material: Maps\VillageDemo\FarmModels\Materials\Farm021_TreeLog.highMaterial
Info: Initializing high level material: Maps\VillageDemo\FarmModels\Materials\Farm022_TreeLogB.highMaterial
Info: Initializing high level material: Maps\VillageDemo\FarmModels\Materials\Farm023_MFVPropsA.highMaterial
Info: Initializing high level material: Maps\VillageDemo\FarmModels\Materials\Farm023_MFVTextureA.highMaterial
Info: Initializing high level material: Maps\VillageDemo\FarmModels\Materials\Farm023_MFVTextureF.highMaterial
Info: Initializing high level material: Maps\VillageDemo\FarmModels\Materials\Farm024_MFVPropsA.highMaterial
Info: Initializing high level material: Maps\VillageDemo\FarmModels\Materials\Farm024_MFVTextureF.highMaterial
Info: Initializing high level material: Maps\VillageDemo\FarmModels\Materials\Farm025_MFVFloor.highMaterial
Info: Initializing high level material: Maps\VillageDemo\FarmModels\Materials\Farm025_MFVTextureA.highMaterial
Info: Initializing high level material: Maps\VillageDemo\FarmModels\Materials\Farm025_MFVTextureC.highMaterial
Info: Initializing high level material: Maps\VillageDemo\FarmModels\Materials\Farm025_MFVTextureD.highMaterial
Info: Initializing high level material: Maps\VillageDemo\FarmModels\Materials\Farm025_MFVTextureE.highMaterial
Info: Initializing high level material: Maps\VillageDemo\FarmModels\Materials\Farm025_MFVThatchedBTransparent.highMaterial
Info: Initializing high level material: Maps\VillageDemo\FarmModels\Materials\Farm025_MFVWallA.highMaterial
Info: Initializing high level material: Maps\VillageDemo\FarmModels\Materials\Farm025_MFVWallB.highMaterial
Info: Initializing high level material: Maps\VillageDemo\FarmModels\Materials\Farm026_Coal.highMaterial
Info: Initializing high level material: Maps\VillageDemo\FarmModels\Materials\Farm026_MFVFloor.highMaterial
Info: Initializing high level material: Maps\VillageDemo\FarmModels\Materials\Farm026_MFVPropsA.highMaterial
Info: Initializing high level material: Maps\VillageDemo\FarmModels\Materials\Farm026_MFVTextureA.highMaterial
Info: Initializing high level material: Maps\VillageDemo\FarmModels\Materials\Farm026_MFVTextureC.highMaterial
Info: Initializing high level material: Maps\VillageDemo\FarmModels\Materials\Farm026_MFVTextureE.highMaterial
Info: Initializing high level material: Maps\VillageDemo\FarmModels\Materials\Farm026_MFVThatchedA.highMaterial
Info: Initializing high level material: Maps\VillageDemo\FarmModels\Materials\Farm026_MFVWallA.highMaterial
Info: Initializing high level material: Maps\VillageDemo\FarmModels\Materials\Farm027_MFVFloor.highMaterial
Info: Initializing high level material: Maps\VillageDemo\FarmModels\Materials\Farm027_MFVTextureA.highMaterial
Info: Initializing high level material: Maps\VillageDemo\FarmModels\Materials\Farm027_MFVTextureC.highMaterial
Info: Initializing high level material: Maps\VillageDemo\FarmModels\Materials\Farm027_MFVTextureD.highMaterial
Info: Initializing high level material: Maps\VillageDemo\FarmModels\Materials\Farm027_MFVTextureE.highMaterial
Info: Initializing high level material: Maps\VillageDemo\FarmModels\Materials\Farm027_MFVThatchedBTransparent.highMaterial
Info: Initializing high level material: Maps\VillageDemo\FarmModels\Materials\Farm027_MFVWallA.highMaterial
Info: Initializing high level material: Maps\VillageDemo\FarmModels\Materials\Farm027_MFVWallB.highMaterial
Info: Initializing high level material: Maps\VillageDemo\FarmModels\Materials\Farm028_MFVTextureC.highMaterial
Info: Initializing high level material: Maps\VillageDemo\FarmModels\Materials\Farm029_Fence.highMaterial
Info: Initializing high level material: Maps\VillageDemo\FarmModels\Materials\Farm029_MFVPropsA.highMaterial
Info: Initializing high level material: Maps\VillageDemo\FarmModels\Materials\Farm030_Rope.highMaterial
Info: Initializing high level material: Maps\VillageDemo\FarmModels\Materials\Farm031_MFVPropsA.highMaterial
Info: Initializing high level material: Maps\VillageDemo\FarmModels\Materials\Farm032_MFVFloor.highMaterial
Info: Initializing high level material: Maps\VillageDemo\FarmModels\Materials\Farm032_MFVPropsA.highMaterial
Info: Initializing high level material: Maps\VillageDemo\FarmModels\Materials\Farm032_MFVTextureA.highMaterial
Info: Initializing high level material: Maps\VillageDemo\FarmModels\Materials\Farm032_MFVTextureC.highMaterial
Info: Initializing high level material: Maps\VillageDemo\FarmModels\Materials\Farm032_MFVTextureE.highMaterial
Info: Initializing high level material: Maps\VillageDemo\FarmModels\Materials\Farm032_MFVThatchedBTransparent.highMaterial
Info: Initializing high level material: Maps\VillageDemo\FarmModels\Materials\Farm032_MFVWallA.highMaterial
Info: Initializing high level material: Maps\VillageDemo\FarmModels\Materials\Farm033_MFVFloor.highMaterial
Info: Initializing high level material: Maps\VillageDemo\FarmModels\Materials\Farm033_MFVPropsA.highMaterial
Info: Initializing high level material: Maps\VillageDemo\FarmModels\Materials\Farm033_MFVTextureA.highMaterial
Info: Initializing high level material: Maps\VillageDemo\FarmModels\Materials\Farm033_MFVTextureC.highMaterial
Info: Initializing high level material: Maps\VillageDemo\FarmModels\Materials\Farm033_MFVTextureD.highMaterial
Info: Initializing high level material: Maps\VillageDemo\FarmModels\Materials\Farm033_MFVTextureE.highMaterial
Info: Initializing high level material: Maps\VillageDemo\FarmModels\Materials\Farm033_MFVThatchedBTransparent.highMaterial
Info: Initializing high level material: Maps\VillageDemo\FarmModels\Materials\Farm033_MFVWallA.highMaterial
Info: Initializing high level material: Maps\VillageDemo\FarmModels\Materials\Farm033_MFVWallB.highMaterial
Info: Initializing high level material: Maps\VillageDemo\FarmModels\Materials\Farm035_MFVPropsA.highMaterial
Info: Initializing high level material: Maps\VillageDemo\FarmModels\Materials\Farm036_MFVFloor.highMaterial
Info: Initializing high level material: Maps\VillageDemo\FarmModels\Materials\Farm036_MFVTextureA.highMaterial
Info: Initializing high level material: Maps\VillageDemo\FarmModels\Materials\Farm036_MFVTextureC.highMaterial
Info: Initializing high level material: Maps\VillageDemo\FarmModels\Materials\Farm036_MFVTextureD.highMaterial
Info: Initializing high level material: Maps\VillageDemo\FarmModels\Materials\Farm036_MFVTextureE.highMaterial
Info: Initializing high level material: Maps\VillageDemo\FarmModels\Materials\Farm036_MFVTextureF.highMaterial
Info: Initializing high level material: Maps\VillageDemo\FarmModels\Materials\Farm036_MFVThatchedB.highMaterial
Info: Initializing high level material: Maps\VillageDemo\FarmModels\Materials\Farm036_MFVThatchedBTransparent.highMaterial
Info: Initializing high level material: Maps\VillageDemo\FarmModels\Materials\Farm036_MFVWallA.highMaterial
Info: Initializing high level material: Maps\VillageDemo\FarmModels\Materials\Farm036_MFVWallB.highMaterial
Info: Initializing high level material: Maps\VillageDemo\FarmModels\Materials\Farm036_Rope.highMaterial
Info: Initializing high level material: Maps\VillageDemo\FarmModels\Materials\Farm037_MFVPropsA.highMaterial
Info: Initializing high level material: Maps\VillageDemo\FarmModels\Materials\Farm037_MFVTextureF.highMaterial
Info: Initializing high level material: Maps\VillageDemo\FarmModels\Materials\Farm038_MFVTextureA.highMaterial
Info: Initializing high level material: Maps\VillageDemo\FarmModels\Materials\Farm039_MFVTextureA.highMaterial
Info: Initializing high level material: Maps\VillageDemo\FarmModels\Materials\Farm039_MFVTextureC.highMaterial
Info: Initializing high level material: Maps\VillageDemo\FarmModels\Materials\Farm039_MFVWallA.highMaterial
Info: Initializing high level material: Maps\VillageDemo\FarmModels\Materials\Farm041_MFVPropsA.highMaterial
Info: Initializing high level material: Maps\VillageDemo\FarmModels\Materials\Farm042_MFVPropsA.highMaterial
Info: Initializing high level material: Maps\VillageDemo\FarmModels\Materials\Farm044_MFVPropsA.highMaterial
Info: Initializing high level material: Maps\VillageDemo\FarmModels\Materials\Farm045_MFVTextureA.highMaterial
Info: Initializing high level material: Maps\VillageDemo\FarmModels\Materials\Farm045_MFVTextureF.highMaterial
Info: Initializing high level material: Maps\VillageDemo\FarmModels\Materials\Farm046_MFVPropsA.highMaterial
Info: Initializing high level material: Maps\VillageDemo\FarmModels\Materials\Farm047_MFVPropsA.highMaterial
Info: Initializing high level material: Maps\VillageDemo\FarmModels\Materials\Farm048_MFVPropsA.highMaterial
Info: Initializing high level material: Maps\VillageDemo\FarmModels\Materials\Farm049_MFVPropsA.highMaterial
Info: Initializing high level material: Maps\VillageDemo\FarmModels\Materials\Farm050_MFVTextureA.highMaterial
Info: Initializing high level material: Maps\VillageDemo\FarmModels\Materials\Farm051_MFVPropsA.highMaterial
Info: Initializing high level material: Maps\VillageDemo\FarmModels\Materials\Farm051_MFVTextureF.highMaterial
Info: Initializing high level material: Maps\VillageDemo\FarmModels\Materials\Farm053_MFVTextureA.highMaterial
Info: Initializing high level material: Maps\VillageDemo\FarmModels\Materials\Farm055_MFVPropsA.highMaterial
Info: Initializing high level material: Maps\VillageDemo\FarmModels\Materials\Farm058_MFVTextureA.highMaterial
Info: Initializing high level material: Maps\VillageDemo\FarmModels\Materials\Farm061_MFVTextureA.highMaterial
Info: Initializing high level material: Maps\VillageDemo\FarmModels\Materials\Farm062_MFVTextureC.highMaterial
Info: Initializing high level material: Maps\VillageDemo\FarmModels\Materials\Farm063_MFVPropsA.highMaterial
Info: Initializing high level material: Maps\VillageDemo\FarmModels\Materials\Farm064_Rope.highMaterial
Info: Initializing high level material: Maps\VillageDemo\FarmModels\Materials\Farm065_MFVTextureA.highMaterial
Info: Initializing high level material: Maps\VillageDemo\FarmModels\Materials\Farm066_MFVPropsA.highMaterial
Info: Initializing high level material: Maps\VillageDemo\FarmModels\Materials\Farm067_TreeLogB.highMaterial
Info: Initializing high level material: Maps\VillageDemo\FarmModels\Materials\Farm068_MFVPropsA.highMaterial
Info: Initializing high level material: Maps\VillageDemo\FarmModels\Materials\Farm069_MFVTextureF.highMaterial
Info: Initializing high level material: Maps\VillageDemo\FarmModels\Materials\FarmBridge_Base.highMaterial
Info: Initializing high level material: Maps\VillageDemo\FarmModels\Materials\FarmBridge_Floor.highMaterial
Info: Initializing high level material: Maps\VillageDemo\River\Splash\VillageWaterParticle.highMaterial
Info: Initializing high level material: Maps\VillageDemo\River\Splash\VillageWaterParticle2.highMaterial
Info: Initializing high level material: Maps\VillageDemo\River\VillageRiver.highMaterial
Info: Initializing high level material: Maps\VillageDemo\River\VillageWaterfalls.highMaterial
Info: Initializing high level material: Maps\VillageDemo\Rock\FarmRock_12SG_Smoothing.highMaterial
Info: Initializing high level material: Maps\VillageDemo\Rock\FarmRock_13SG.highMaterial
Info: Initializing high level material: Maps\VillageDemo\Rock\FarmRock_14SG.highMaterial
Info: Initializing high level material: Maps\VillageDemo\Rock\FarmRock_15SG.highMaterial
Info: Initializing high level material: Maps\VillageDemo\Rock\FarmRock_18SG_Smoothing.highMaterial
Info: Initializing high level material: Maps\VillageDemo\Rock\FarmRock_18SG_Smoothing2.highMaterial
Info: Initializing high level material: Maps\VillageDemo\Rock\FarmRock_19SG.highMaterial
Info: Initializing high level material: Maps\VillageDemo\Rock\FarmRock_19SG_Smoothing.highMaterial
Info: Initializing high level material: Maps\VillageDemo\Rock\FarmRock_5SG_Smoothing.highMaterial
Info: Initializing high level material: Maps\VillageDemo\Rock\FarmRock_6SG_Smoothing.highMaterial
Info: Initializing high level material: Maps\VillageDemo\Rock\FarmRock_8SG_Smoothing.highMaterial
Info: Initializing high level material: Maps\VillageDemo\Types\VillageSign\VillageSign.highMaterial
Info: Initializing high level material: Maps\VillageDemo\Vegetation\Shrubs\VillageShrub.highMaterial
Info: Initializing high level material: Models\DemoCorridors\Corridor_Ceiling.highMaterial
Info: Initializing high level material: Models\DemoCorridors\Corridor_CornerExt1.highMaterial
Info: Initializing high level material: Models\DemoCorridors\Corridor_CornerExt2.highMaterial
Info: Initializing high level material: Models\DemoCorridors\Corridor_CornerExtDown1.highMaterial
Info: Initializing high level material: Models\DemoCorridors\Corridor_CornerExtDown2.highMaterial
Info: Initializing high level material: Models\DemoCorridors\Corridor_CornerExtMiddle1.highMaterial
Info: Initializing high level material: Models\DemoCorridors\Corridor_CornerExtMiddle2.highMaterial
Info: Initializing high level material: Models\DemoCorridors\Corridor_CornerExtUp1.highMaterial
Info: Initializing high level material: Models\DemoCorridors\Corridor_CornerExtUp2.highMaterial
Info: Initializing high level material: Models\DemoCorridors\Corridor_CornerInt1.highMaterial
Info: Initializing high level material: Models\DemoCorridors\Corridor_CornerInt2.highMaterial
Info: Initializing high level material: Models\DemoCorridors\Corridor_CornerIntDown1.highMaterial
Info: Initializing high level material: Models\DemoCorridors\Corridor_CornerIntDown2.highMaterial
Info: Initializing high level material: Models\DemoCorridors\Corridor_CornerIntMiddle1.highMaterial
Info: Initializing high level material: Models\DemoCorridors\Corridor_CornerIntMiddle2.highMaterial
Info: Initializing high level material: Models\DemoCorridors\Corridor_CornerIntUp1.highMaterial
Info: Initializing high level material: Models\DemoCorridors\Corridor_CornerIntUp2.highMaterial
Info: Initializing high level material: Models\DemoCorridors\Corridor_Floor.highMaterial
Info: Initializing high level material: Models\DemoCorridors\Corridor_Gates.highMaterial
Info: Initializing high level material: Models\DemoCorridors\Corridor_GridFloor1.highMaterial
Info: Initializing high level material: Models\DemoCorridors\Corridor_GridFloor2.highMaterial
Info: Initializing high level material: Models\DemoCorridors\Corridor_GridFloor3.highMaterial
Info: Initializing high level material: Models\DemoCorridors\Corridor_Pass1.highMaterial
Info: Initializing high level material: Models\DemoCorridors\Corridor_Pass2.highMaterial
Info: Initializing high level material: Models\DemoCorridors\Corridor_PassDown1.highMaterial
Info: Initializing high level material: Models\DemoCorridors\Corridor_PassDown2.highMaterial
Info: Initializing high level material: Models\DemoCorridors\Corridor_Wall1.highMaterial
Info: Initializing high level material: Models\DemoCorridors\Corridor_Wall2.highMaterial
Info: Initializing high level material: Models\DemoCorridors\Corridor_WallDown1.highMaterial
Info: Initializing high level material: Models\DemoCorridors\Corridor_WallDown2.highMaterial
Info: Initializing high level material: Models\DemoCorridors\Corridor_WallMiddle1.highMaterial
Info: Initializing high level material: Models\DemoCorridors\Corridor_WallMiddle2.highMaterial
Info: Initializing high level material: Models\DemoCorridors\Corridor_WallUp1.highMaterial
Info: Initializing high level material: Models\DemoCorridors\Corridor_WallUp2.highMaterial
Info: Initializing high level material: Models\Pipes\Demo_PipeDirect.highMaterial
Info: Initializing high level material: Models\Pipes\Demo_PipePlasma.highMaterial
Info: Initializing high level material: Models\Pipes\Demo_PipeRack.highMaterial
Info: Initializing high level material: Models\Pipes\Demo_PipeValve.highMaterial
Info: Initializing high level material: props\def_surf_mat.highMaterial
Info: Initializing high level material: Types\Bullets\ShotgunBullet\ShotgunBulletHitParticle.highMaterial
Info: Initializing high level material: Types\Bullets\ShotgunBullet\ShotgunBulletHitParticle2.highMaterial
Info: Initializing high level material: Types\Bullets\ShotgunBullet\ShotgunBulletRibbonTrail.highMaterial
Info: Initializing high level material: Types\Bullets\SubmachineGunBullet\SubmachineGunBulletHit.highMaterial
Info: Initializing high level material: Types\Bullets\SubmachineGunBullet\SubmachineGunBulletHit2.highMaterial
Info: Initializing high level material: Types\Bullets\SubmachineGunGrenade\SubmachineGunSmokeParticle.highMaterial
Info: Initializing high level material: Types\Decals\DefaultBulletDecal\DefaultBulletDecal.highMaterial
Info: Initializing high level material: Types\Decals\DefaultExplosionDecal\DefaultExplosionDecal.highMaterial
Info: Initializing high level material: Types\Decals\ZombieBulletDecal\ZombieBulletDecal.highMaterial
Info: Initializing high level material: Types\DecorativeObjects\DecorativeStones\DecorativeStones.highMaterial
Info: Initializing high level material: Types\DecorativeObjects\Ear\Ear.highMaterial
Info: Initializing high level material: Types\DecorativeObjects\FlowerWhite\FlowerWhite.highMaterial
Info: Initializing high level material: Types\DecorativeObjects\FlowerYellow\FlowerYellow.highMaterial
Info: Initializing high level material: Types\DecorativeObjects\GrassBrown\GrassBrown.highMaterial
Info: Initializing high level material: Types\DecorativeObjects\GrassGreen\GrassGreen.highMaterial
Info: Initializing high level material: Types\Dynamic\Ball\Ball.highMaterial
Info: Initializing high level material: Types\Dynamic\Billboard\Demo_Billboard.highMaterial
Info: Initializing high level material: Types\Dynamic\Billboard\Demo_BillboardBackground.highMaterial
Info: Initializing high level material: Types\Dynamic\BooleanSwitch\BooleanSwitch.highMaterial
Info: Initializing high level material: Types\Dynamic\BooleanSwitch\BooleanSwitchOff.highMaterial
Info: Initializing high level material: Types\Dynamic\BooleanSwitch\BooleanSwitchOn.highMaterial
Info: Initializing high level material: Types\Dynamic\Box\Box.highMaterial
Info: Initializing high level material: Types\Dynamic\CubemapReflectedBall\CubemapReflectedBall.highMaterial
Info: Initializing high level material: Types\Dynamic\DestructibleHouse\DestructibleHouse.highMaterial
Info: Initializing high level material: Types\Dynamic\DestructibleHouse\DestructibleHouseWinDoor.highMaterial
Info: Initializing high level material: Types\Dynamic\Door\Corridor_DoorLeft.highMaterial
Info: Initializing high level material: Types\Dynamic\Door\Corridor_DoorPanel.highMaterial
Info: Initializing high level material: Types\Dynamic\DynamicSinusoidSurface\DynamicSinusoidSurface.highMaterial
Info: Initializing high level material: Types\Dynamic\ExampleMagicBall\ExampleMagicBallBlinkMaterial.highMaterial
Info: Initializing high level material: Types\Dynamic\ExplosionBarrel\ExplosionBarrel.highMaterial
Info: Initializing high level material: Types\Dynamic\Fan\DemoFan.highMaterial
Info: Initializing high level material: Types\Dynamic\Fan\FanParticle\DemoFanParticle.highMaterial
Info: Initializing high level material: Types\Dynamic\Firework\FireworkBullet\FireworkBulletRibbonTrail.highMaterial
Info: Initializing high level material: Types\Dynamic\FlareTest\FlareTest.highMaterial
Info: Initializing high level material: Types\Dynamic\GasFlamePipe\GasFlamePipeParticle\GasFlamePipeParticle.highMaterial
Info: Initializing high level material: Types\Dynamic\HangingBall\HangingBall.highMaterial
Info: Initializing high level material: Types\Dynamic\HangingCable\HangingCable.highMaterial
Info: Initializing high level material: Types\Dynamic\HangingLamp\HangingLampBase.highMaterial
Info: Initializing high level material: Types\Dynamic\HangingLamp\HangingLampLamps.highMaterial
Info: Initializing high level material: Types\Dynamic\Pipe\PipeLeak\PipeLeakFlameParticle\PipeLeakFlameParticle.highMaterial
Info: Initializing high level material: Types\Dynamic\Pipe\PipeLeak\PipeLeakSteamParticle\PipeLeakSteamParticle.highMaterial
Info: Initializing high level material: Types\Dynamic\Teleporter\DemoTeleporter.highMaterial
Info: Initializing high level material: Types\Dynamic\Teleporter\DemoTeleporterGlow.highMaterial
Info: Initializing high level material: Types\Dynamic\Teleporter\TeleportParticle\DemoTeleporterParticle.highMaterial
Info: Initializing high level material: Types\Dynamic\Terminal\Terminal.highMaterial
Info: Initializing high level material: Types\Dynamic\Terminal\TerminalBackground.highMaterial
Info: Initializing high level material: Types\Dynamic\Terminal\TerminalClientNotSupportedInfo.highMaterial
Info: Initializing high level material: Types\Dynamic\WindMill\WindMill.highMaterial
Info: Initializing high level material: Types\Dynamic\WindMill\WindMillFan.highMaterial
Info: Initializing high level material: Types\Dynamic\WoodBox\WoodBox.highMaterial
Info: Initializing high level material: Types\Items\AccessCard\AccessCard.highMaterial
Info: Initializing high level material: Types\Items\BulletItems\ShotgunBulletsItem\ShotgunBulletsItem.highMaterial
Info: Initializing high level material: Types\Items\BulletItems\SubmachineGunBulletsItem\SubmachineGunBulletsItem.highMaterial
Info: Initializing high level material: Types\Items\Dynamite\Dynamite.highMaterial
Info: Initializing high level material: Types\Items\HealthItems\SmallHealthItem\SmallHealthItem.highMaterial
Info: Initializing high level material: Types\Sky\BlueDaySky\BlueDaySky.highMaterial
Info: Initializing high level material: Types\Special\WaterPlane\WaterSplash\WaterSplash.highMaterial
Info: Initializing high level material: Types\Special\WaterPlane\WaterSplashWave\WaterSplashWave.highMaterial
Info: Initializing high level material: Types\StaticObjects\EngineLogoPlacard\EngineLogoPlacard.highMaterial
Info: Initializing high level material: Types\StaticObjects\Eyes\Eyes.highMaterial
Info: Initializing high level material: Types\StaticObjects\MineBoard\MineBoard.highMaterial
Info: Initializing high level material: Types\StaticObjects\OgreHead\OgreHead.highMaterial
Info: Initializing high level material: Types\StaticObjects\OgreHead\OgreHeadAnimated.highMaterial
Info: Initializing high level material: Types\StaticObjects\OgreHead\OgreHeadDynamicDiffuseScale.highMaterial
Info: Initializing high level material: Types\StaticObjects\OgreHead\OgreHeadEyes.highMaterial
Info: Initializing high level material: Types\StaticObjects\OgreHead\OgreHeadFangs.highMaterial
Info: Initializing high level material: Types\StaticObjects\Palette\Palette.highMaterial
Info: Initializing high level material: Types\StaticObjects\ParkingBarrier\ParkingBarrier.highMaterial
Info: Initializing high level material: Types\StaticObjects\RabbitHead\RabbitHead.highMaterial
Info: Initializing high level material: Types\StaticObjects\StaticBox\StaticBox.highMaterial
Info: Initializing high level material: Types\StaticObjects\Stone\Stone.highMaterial
Info: Initializing high level material: Types\StaticObjects\StopSign\StopSign.highMaterial
Info: Initializing high level material: Types\StaticObjects\SwitchBox\SwitchBox.highMaterial
Info: Initializing high level material: Types\Units\BMWi8\BMWi8_1.highMaterial
Info: Initializing high level material: Types\Units\BMWi8\BMWi8_2.highMaterial
Info: Initializing high level material: Types\Units\BMWi8\BMWi8_3.highMaterial
Info: Initializing high level material: Types\Units\BMWi8\BMWi8_4.highMaterial
Info: Initializing high level material: Types\Units\BMWi8\BMWi8_5.highMaterial
Info: Initializing high level material: Types\Units\BMWi8\BMWi8_5_back.highMaterial
Info: Initializing high level material: Types\Units\BMWi8\BMWi8_6.highMaterial
Info: Initializing high level material: Types\Units\BMWi8\BMWi8_7.highMaterial
Info: Initializing high level material: Types\Units\BMWi8\BMWi8_Glass.highMaterial
Info: Initializing high level material: Types\Units\Bug\Bug.highMaterial
Info: Initializing high level material: Types\Units\Crane\CraneBase\CraneBase_ConcreteCleanColor.highMaterial
Info: Initializing high level material: Types\Units\Crane\CraneBase\CraneBase_MetalPaintedColor.highMaterial
Info: Initializing high level material: Types\Units\Crane\CraneBase\CraneBase_MetalPatern01Color.highMaterial
Info: Initializing high level material: Types\Units\Crane\CraneBase\CraneBase_MetalPatern02Color.highMaterial
Info: Initializing high level material: Types\Units\Crane\CraneGibbet\CraneGibbet_MetalPattern01Color.highMaterial
Info: Initializing high level material: Types\Units\Crane\CraneMagnet\CraneMagnet_MetalPatern02Color.highMaterial
Info: Initializing high level material: Types\Units\Crane\CraneTower\CraneTower_ConcreteBlockColor.highMaterial
Info: Initializing high level material: Types\Units\Crane\CraneTower\CraneTower_MetalPaintedColor.highMaterial
Info: Initializing high level material: Types\Units\Crane\CraneTower\CraneTower_MetalPatern_01Color.highMaterial
Info: Initializing high level material: Types\Units\Crane\CraneTower\CraneTower_MetalPatern02Color.highMaterial
Info: Initializing high level material: Types\Units\Crane\CraneTower\CraneTower_ObjectColor.highMaterial
Info: Initializing high level material: Types\Units\Girl\FirstPersonArms\GirlFirstPersonArms_02 - Default2.highMaterial
Info: Initializing high level material: Types\Units\Girl\FirstPersonArms\GirlFirstPersonArms_04 - Default.highMaterial
Info: Initializing high level material: Types\Units\Girl\FirstPersonArms\GirlFirstPersonArms_07 - Default.highMaterial
Info: Initializing high level material: Types\Units\Girl\Girl.highMaterial
Info: Initializing high level material: Types\Units\Helicopter\Helicopter.highMaterial
Info: Initializing high level material: Types\Units\Rabbit\Rabbit.highMaterial
Info: Initializing high level material: Types\Units\Robot\Robot.highMaterial
Info: Initializing high level material: Types\Units\Robot\Robot2.highMaterial
Info: Initializing high level material: Types\Units\Robot\RobotBullet\RobotBulletHit.highMaterial
Info: Initializing high level material: Types\Units\Robot\RobotBullet\RobotBulletHit2.highMaterial
Info: Initializing high level material: Types\Units\TigerTank\TigerTank_Base.highMaterial
Info: Initializing high level material: Types\Units\TigerTank\TigerTank_LeftTrack.highMaterial
Info: Initializing high level material: Types\Units\TigerTank\TigerTank_RightTrack.highMaterial
Info: Initializing high level material: Types\Units\Turret\Turret.highMaterial
Info: Initializing high level material: Types\Units\Turret\TurretBullet\TurretBulletHit.highMaterial
Info: Initializing high level material: Types\Units\Turret\TurretBullet\TurretBulletHit2.highMaterial
Info: Initializing high level material: Types\Units\Zombie\Zombie.highMaterial
Info: Initializing high level material: Types\Units\Zombie\ZombieBullet\ZombieBullet.highMaterial
Info: Initializing high level material: Types\Units\Zombie\ZombieBullet\ZombieBulletHitParticle.highMaterial
Info: Initializing high level material: Types\Vegetation\Trees\Materials\Tree01A_Bark.highMaterial
Info: Initializing high level material: Types\Vegetation\Trees\Materials\Tree01A_Bark_LOD.highMaterial
Info: Initializing high level material: Types\Vegetation\Trees\Materials\Tree01A_Branch.highMaterial
Info: Initializing high level material: Types\Vegetation\Trees\Materials\Tree01A_Branch_LOD.highMaterial
Info: Initializing high level material: Types\Vegetation\Trees\Materials\Tree02A_Bark.highMaterial
Info: Initializing high level material: Types\Vegetation\Trees\Materials\Tree02A_Bark_LOD.highMaterial
Info: Initializing high level material: Types\Vegetation\Trees\Materials\Tree02A_Branch.highMaterial
Info: Initializing high level material: Types\Vegetation\Trees\Materials\Tree02A_Branch_LOD.highMaterial
Info: Initializing high level material: Types\Vegetation\Trees\Materials\Tree03A_Bark.highMaterial
Info: Initializing high level material: Types\Vegetation\Trees\Materials\Tree03A_Bark_LOD.highMaterial
Info: Initializing high level material: Types\Vegetation\Trees\Materials\Tree03A_Branch.highMaterial
Info: Initializing high level material: Types\Vegetation\Trees\Materials\Tree03A_Branch_LOD.highMaterial
Info: Initializing high level material: Types\Vegetation\Trees\Materials\Tree04A_Bark.highMaterial
Info: Initializing high level material: Types\Vegetation\Trees\Materials\Tree04A_Bark_LOD.highMaterial
Info: Initializing high level material: Types\Vegetation\Trees\Materials\Tree04A_Branch.highMaterial
Info: Initializing high level material: Types\Vegetation\Trees\Materials\Tree04A_Branch_LOD.highMaterial
Info: Initializing high level material: Types\Vegetation\Trees\Materials\Tree05A_Bark.highMaterial
Info: Initializing high level material: Types\Vegetation\Trees\Materials\Tree05A_Bark_LOD.highMaterial
Info: Initializing high level material: Types\Vegetation\Trees\Materials\Tree05A_Branch.highMaterial
Info: Initializing high level material: Types\Vegetation\Trees\Materials\Tree05A_Branch_LOD.highMaterial
Info: Initializing high level material: Types\Vegetation\Trees\Materials\Tree06A_Bark.highMaterial
Info: Initializing high level material: Types\Vegetation\Trees\Materials\Tree06A_Bark_LOD.highMaterial
Info: Initializing high level material: Types\Vegetation\Trees\Materials\Tree06A_Branch.highMaterial
Info: Initializing high level material: Types\Vegetation\Trees\Materials\Tree06A_Branch_LOD.highMaterial
Info: Initializing high level material: Types\Vegetation\Trees\Materials\Tree07A_Bark.highMaterial
Info: Initializing high level material: Types\Vegetation\Trees\Materials\Tree07A_Bark_LOD.highMaterial
Info: Initializing high level material: Types\Vegetation\Trees\Materials\Tree07A_Branch.highMaterial
Info: Initializing high level material: Types\Vegetation\Trees\Materials\Tree07A_Branch_LOD.highMaterial
Info: Initializing high level material: Types\Vegetation\Trees\Materials\Tree08A_Bark.highMaterial
Info: Initializing high level material: Types\Vegetation\Trees\Materials\Tree08A_Bark_LOD.highMaterial
Info: Initializing high level material: Types\Vegetation\Trees\Materials\Tree08A_Branch.highMaterial
Info: Initializing high level material: Types\Vegetation\Trees\Materials\Tree08A_Branch_LOD.highMaterial
Info: Initializing high level material: Types\Weapons\Hammer\Hammer.highMaterial
Info: Initializing high level material: Types\Weapons\Shotgun\Shotgun.highMaterial
Info: Initializing high level material: Types\Weapons\Shotgun\Shotgun_FPSCamera.highMaterial
Info: Initializing high level material: Types\Weapons\SubmachineGun\ScarRifle_FPSCamera\ScarRifle_1_FPSCamera.highMaterial
Info: Initializing high level material: Types\Weapons\SubmachineGun\ScarRifle_FPSCamera\ScarRifle_2_FPSCamera.highMaterial
Info: Initializing high level material: Types\Weapons\SubmachineGun\ScarRifle_FPSCamera\ScarRifle_3_FPSCamera.highMaterial
Info: Initializing high level material: Types\Weapons\SubmachineGun\ScarRifle_TPSCamera\ScarRifle_1.highMaterial
Info: Initializing high level material: Types\Weapons\SubmachineGun\ScarRifle_TPSCamera\ScarRifle_2.highMaterial
Info: Initializing high level material: Types\Weapons\SubmachineGun\ScarRifle_TPSCamera\ScarRifle_3.highMaterial
Info: Initializing high level material: Types\Weapons\SubmachineGun\SubmachineGunFire.highMaterial
Info: Sound system is initialized (Driver: OpenAL 1.1 ALSOFT 1.13, Device: DirectSound Default)
Info: OGRE: !!! Direct3D Device Lost!
Info: OGRE: D3D9TextureManager released:
Info: OGRE: 0 unmanaged textures
Info: OGRE: D3D9HardwareBufferManager released:
Info: OGRE: 0 unmanaged vertex buffers
Info: OGRE: 0 unmanaged index buffers
Info: OGRE: D3D9TextureManager released:
Info: OGRE: 0 unmanaged textures
Info: OGRE: D3D9HardwareBufferManager released:
Info: OGRE: 0 unmanaged vertex buffers
Info: OGRE: 0 unmanaged index buffers
Info: OGRE: Reset device ok w:629 h:897
Info: OGRE: D3D9TextureManager recreated:
Info: OGRE: 0 unmanaged textures
Info: OGRE: D3D9HardwareBufferManager recreated:
Info: OGRE: 0 unmanaged vertex buffers
Info: OGRE: 0 unmanaged index buffers
Info: OGRE: !!! Direct3D Device successfully restored.
Info: OGRE: Mesh: Loading Base\Tools\ResourceEditorGrid\ResourceEditorGrid.mesh.
Info: OGRE: Texture: Base\Tools\ResourceEditorGrid\ResourceEditorGrid_2.png: Loading 1 faces(PF_R8G8B8,4x4x1) with  hardware generated mipmaps from Image. Internal format is PF_X8R8G8B8,4x4x1.
Info: OGRE: Texture: Base\Tools\ResourceEditorGrid\ResourceEditorGrid_1.png: Loading 1 faces(PF_R8G8B8,4x4x1) with  hardware generated mipmaps from Image. Internal format is PF_X8R8G8B8,4x4x1.
Info: Initializing high level material: props\def_surf_mat.highMaterial
Info: OGRE: Texture: Base\Types\Light\LightFlare.png: Loading 1 faces(PF_L8,256x256x1) with 8 generated mipmaps from Image. Internal format is PF_L8,256x256x1.
Info: OGRE: Mesh: Loading Base\Tools\MaterialPreviewMeshes\RoundBox.mesh.
Info: OGRE: D3D9 : Loading 2D Texture, image name : 'props\wastebin.dds' with 2147483647 mip map levels
Info: OGRE: Texture: Base\Tools\ResourceEditorSkyBox\Cubemap_fr.png: Loading 1 faces(PF_R8G8B8,512x512x1) with  hardware generated mipmaps from Image. Internal format is PF_X8R8G8B8,512x512x1.
Info: OGRE: Texture: Base\Tools\ResourceEditorSkyBox\Cubemap_bk.png: Loading 1 faces(PF_R8G8B8,512x512x1) with  hardware generated mipmaps from Image. Internal format is PF_X8R8G8B8,512x512x1.
Info: OGRE: Texture: Base\Tools\ResourceEditorSkyBox\Cubemap_lf.png: Loading 1 faces(PF_R8G8B8,512x512x1) with  hardware generated mipmaps from Image. Internal format is PF_X8R8G8B8,512x512x1.
Info: OGRE: Texture: Base\Tools\ResourceEditorSkyBox\Cubemap_rt.png: Loading 1 faces(PF_R8G8B8,512x512x1) with  hardware generated mipmaps from Image. Internal format is PF_X8R8G8B8,512x512x1.
Info: OGRE: Texture: Base\Tools\ResourceEditorSkyBox\Cubemap_up.png: Loading 1 faces(PF_R8G8B8,512x512x1) with  hardware generated mipmaps from Image. Internal format is PF_X8R8G8B8,512x512x1.
Info: OGRE: Texture: Base\Tools\ResourceEditorSkyBox\Cubemap_dn.png: Loading 1 faces(PF_R8G8B8,512x512x1) with  hardware generated mipmaps from Image. Internal format is PF_X8R8G8B8,512x512x1.
Info: Initializing high level material: props\def_surf_mat.highMaterial
Info: OGRE: Texture: Base\Shaders\White.jpg: Loading 1 faces(PF_R8G8B8,32x32x1) with  hardware generated mipmaps from Image. Internal format is PF_X8R8G8B8,32x32x1.
Info: Initializing high level material: props\def_surf_mat.highMaterial
Info: Initializing high level material: props\def_surf_mat.highMaterial
Info: OGRE: Mesh: Loading props\wastebin.mesh.
Info: OGRE: Mesh: Loading props\wastebin.mesh.
Info: OGRE: D3D9 : Loading 2D Texture, image name : 'props\wornfence.dds' with 2147483647 mip map levels
Info: OGRE: Texture: props\worn_fence_nm.tga: Loading 1 faces(PF_A8R8G8B8,2048x2048x1) with  hardware generated mipmaps from Image. Internal format is PF_A8R8G8B8,2048x2048x1.
Info: OGRE: Texture: props\wastebin_nm.tga: Loading 1 faces(PF_A8R8G8B8,1024x1024x1) with  hardware generated mipmaps from Image. Internal format is PF_A8R8G8B8,1024x1024x1.
Info: OGRE: Mesh: Loading props\wastebin.mesh.
Info: Initializing high level material: props\def_surf_mat.highMaterial
Info: Initializing high level material: props\def_surf_mat.highMaterial
Info: Initializing high level material: props\def_surf_mat.highMaterial
Info: OGRE: Mesh: Loading props\wastebin.mesh.
Info: OGRE: Texture: props\steps_nm.tga: Loading 1 faces(PF_A8R8G8B8,2048x2048x1) with  hardware generated mipmaps from Image. Internal format is PF_A8R8G8B8,2048x2048x1.
Info: OGRE: D3D9 : Loading 2D Texture, image name : 'props\step_pillar.dds' with 2147483647 mip map levels
Info: OGRE: D3D9 : Loading 2D Texture, image name : 'props\steps.dds' with 2147483647 mip map levels
Info: OGRE: Texture: props\refugebin_nm.tga: Loading 1 faces(PF_A8R8G8B8,1024x1024x1) with  hardware generated mipmaps from Image. Internal format is PF_A8R8G8B8,1024x1024x1.
Info: OGRE: D3D9 : Loading 2D Texture, image name : 'props\rubbish1.dds' with 2147483647 mip map levels
Info: OGRE: D3D9 : Loading 2D Texture, image name : 'props\traintrack.dds' with 2147483647 mip map levels
Info: OGRE: MeshSerializer writing mesh data to F:\NeoAxis Engine Free SDK 2.0.5\Project\Bin\Data\props\traintrack.mesh...
Info: OGRE: File header written.
Info: OGRE: Writing mesh data...
Info: OGRE: Writing submesh...
Info: OGRE: Exporting submesh texture aliases...
Info: OGRE: Submesh texture aliases exported.
Info: OGRE: Submesh exported.
Info: OGRE: Exporting bounds information....
Info: OGRE: Bounds information exported.
Info: OGRE: Exporting submesh name table...
Info: OGRE: Submesh name table exported.
Info: OGRE: Exporting edge lists...
Info: OGRE: Edge lists exported
Info: OGRE: Mesh data exported.
Info: OGRE: MeshSerializer export successful.
Info: Initializing high level material: props\traintrack.highMaterial
Info: OGRE: Mesh: Loading props\traintrack.mesh.
Info: Initializing high level material: props\traintrack.highMaterial
Info: Initializing high level material: props\traintrack.highMaterial
Info: Initializing high level material: props\traintrack.highMaterial
Info: Initializing high level material: props\traintrack.highMaterial
Info: OGRE: Mesh: Loading props\traintrack.mesh.
Info: OGRE: Mesh: Loading props\wastebin.mesh.
Info: OGRE: Mesh: Loading props\wastebin.mesh.
Info: OGRE: Can't assign material wastebin to SubEntity of _MovableObject234 because this Material does not exist. Have you forgotten to define it in a .material script?
Info: OGRE: MeshSerializer writing mesh data to F:\NeoAxis Engine Free SDK 2.0.5\Project\Bin\Data\props\wastebin.mesh...
Info: OGRE: File header written.
Info: OGRE: Writing mesh data...
Info: OGRE: Writing submesh...
Info: OGRE: Exporting submesh texture aliases...
Info: OGRE: Submesh texture aliases exported.
Info: OGRE: Submesh exported.
Info: OGRE: Exporting bounds information....
Info: OGRE: Bounds information exported.
Info: OGRE: Exporting submesh name table...
Info: OGRE: Submesh name table exported.
Info: OGRE: Exporting edge lists...
Info: OGRE: Edge lists exported
Info: OGRE: Mesh data exported.
Info: OGRE: MeshSerializer export successful.
Info: OGRE: Mesh: Loading props\wastebin.mesh.
Info: OGRE: Can't assign material wastebin to SubEntity of _MovableObject235 because this Material does not exist. Have you forgotten to define it in a .material script?
Exception: System.Reflection.TargetInvocationException: Exception has been thrown by the target of an invocation. ---> System.AccessViolationException: Attempted to read or write protected memory. This is often an indication that other memory is corrupt.
   at C.CT.getMaterialName(Void* A)
   at Engine.Renderer.SubMesh.get_MaterialName()
   --- End of inner exception stack trace ---
   at System.RuntimeMethodHandle.InvokeMethod(Object target, Object[] arguments, Signature sig, Boolean constructor)
   at System.Reflection.RuntimeMethodInfo.UnsafeInvokeInternal(Object obj, Object[] parameters, Object[] arguments)
   at System.Reflection.RuntimeMethodInfo.Invoke(Object obj, BindingFlags invokeAttr, Binder binder, Object[] parameters, CultureInfo culture)
   at System.SecurityUtils.MethodInfoInvoke(MethodInfo method, Object target, Object[] args)
   at System.ComponentModel.ReflectPropertyDescriptor.GetValue(Object component)
   at System.Windows.Forms.PropertyGridInternal.PropertyDescriptorGridEntry.GetPropertyValueCore(Object target)
   at System.Windows.Forms.PropertyGridInternal.PropertyDescriptorGridEntry.get_PropertyValue()
   at System.Windows.Forms.PropertyGridInternal.GridEntry.GetPropertyTextValue()
   at System.Windows.Forms.PropertyGridInternal.PropertyGridView.SelectRow(Int32 row)
   at System.Windows.Forms.PropertyGridInternal.PropertyGridView.SelectGridEntry(GridEntry gridEntry, Boolean fPageIn)
   at System.Windows.Forms.PropertyGridInternal.PropertyGridView.SetExpand(GridEntry gridEntry, Boolean value)
   at System.Windows.Forms.PropertyGridInternal.PropertyGridView.RecursivelyExpand(GridEntry gridEntry, Boolean fInit, Boolean expand, Int32 maxExpands)
   at System.Windows.Forms.PropertyGrid.ExpandAllGridItems()
   at ResourceEditor.MeshResourceEditor.RefreshPropertiesForm()
   at ResourceEditor.MeshResourceEditor.OnEndEditMode()
   at ResourceEditor.ResourceEditorEngineApp.ChangeResourceObjectEditor(String fileName)
   at ResourceEditor.ResourceEditorEngineApp.ResourcesForm_ResourceChange(String fileName, CancelEventArgs e)
   at ResourceEditor.ResourcesForm.treeView_BeforeSelect(Object sender, TreeViewCancelEventArgs e)
   at System.Windows.Forms.TreeView.OnBeforeSelect(TreeViewCancelEventArgs e)
   at System.Windows.Forms.TreeView.TvnSelecting(NMTREEVIEW* nmtv)
   at System.Windows.Forms.TreeView.WmNotify(Message& m)
   at System.Windows.Forms.TreeView.WndProc(Message& m)
   at System.Windows.Forms.Control.ControlNativeWindow.OnMessage(Message& m)
   at System.Windows.Forms.Control.ControlNativeWindow.WndProc(Message& m)
   at System.Windows.Forms.NativeWindow.Callback(IntPtr hWnd, Int32 msg, IntPtr wparam, IntPtr lparam)
   at System.Windows.Forms.UnsafeNativeMethods.SendMessage(HandleRef hWnd, Int32 msg, IntPtr wParam, IntPtr lParam)
   at System.Windows.Forms.Control.SendMessage(Int32 msg, IntPtr wparam, IntPtr lparam)
   at System.Windows.Forms.Control.ReflectMessageInternal(IntPtr hWnd, Message& m)
   at System.Windows.Forms.Control.WmNotify(Message& m)
   at System.Windows.Forms.Control.WndProc(Message& m)
   at System.Windows.Forms.ScrollableControl.WndProc(Message& m)
   at System.Windows.Forms.Form.WndProc(Message& m)
   at System.Windows.Forms.Control.ControlNativeWindow.OnMessage(Message& m)
   at System.Windows.Forms.Control.ControlNativeWindow.WndProc(Message& m)
   at System.Windows.Forms.NativeWindow.Callback(IntPtr hWnd, Int32 msg, IntPtr wparam, IntPtr lparam)
   at System.Windows.Forms.UnsafeNativeMethods.CallWindowProc(IntPtr wndProc, IntPtr hWnd, Int32 msg, IntPtr wParam, IntPtr lParam)
   at System.Windows.Forms.NativeWindow.DefWndProc(Message& m)
   at System.Windows.Forms.Control.DefWndProc(Message& m)
   at System.Windows.Forms.TreeView.WmMouseDown(Message& m, MouseButtons button, Int32 clicks)
   at System.Windows.Forms.TreeView.WndProc(Message& m)
   at System.Windows.Forms.Control.ControlNativeWindow.OnMessage(Message& m)
   at System.Windows.Forms.Control.ControlNativeWindow.WndProc(Message& m)
   at System.Windows.Forms.NativeWindow.Callback(IntPtr hWnd, Int32 msg, IntPtr wparam, IntPtr lparam)
   at System.Windows.Forms.UnsafeNativeMethods.DispatchMessageW(MSG& msg)
   at System.Windows.Forms.Application.ComponentManager.System.Windows.Forms.UnsafeNativeMethods.IMsoComponentManager.FPushMessageLoop(IntPtr dwComponentID, Int32 reason, Int32 pvLoopData)
   at System.Windows.Forms.Application.ThreadContext.RunMessageLoopInner(Int32 reason, ApplicationContext context)
   at System.Windows.Forms.Application.ThreadContext.RunMessageLoop(Int32 reason, ApplicationContext context)
   at ResourceEditor.Program.Main2()
   at ResourceEditor.Program.Main()